;  LST file generated by mikroListExporter - v.2.0 
; Date/Time: 10/08/2025 02:53:24 
;----------------------------------------------

;Address Opcode 	ASM
0x0000	0x2A32      	GOTO       562
_Delay_50us:
;__Lib_Delays.c,19 :: 		void Delay_50us() {
;__Lib_Delays.c,20 :: 		Delay_us(50);
0x0003	0x3003      	MOVLW      3
0x0004	0x00FD      	MOVWF      R13
L_Delay_50us0:
0x0005	0x0BFD      	DECFSZ     R13, 1
0x0006	0x2805      	GOTO       L_Delay_50us0
0x0007	0x0000      	NOP
0x0008	0x0000      	NOP
;__Lib_Delays.c,21 :: 		}
L_end_Delay_50us:
0x0009	0x0008      	RETURN
; end of _Delay_50us
_Delay_1us:
;__Lib_Delays.c,7 :: 		void Delay_1us() {
;__Lib_Delays.c,9 :: 		}
L_end_Delay_1us:
0x000A	0x0008      	RETURN
; end of _Delay_1us
_Delay_5500us:
;__Lib_Delays.c,31 :: 		void Delay_5500us() {
;__Lib_Delays.c,32 :: 		Delay_us(5500);
0x000B	0x3002      	MOVLW      2
0x000C	0x00FC      	MOVWF      R12
0x000D	0x30C8      	MOVLW      200
0x000E	0x00FD      	MOVWF      R13
L_Delay_5500us3:
0x000F	0x0BFD      	DECFSZ     R13, 1
0x0010	0x280F      	GOTO       L_Delay_5500us3
0x0011	0x0BFC      	DECFSZ     R12, 1
0x0012	0x280F      	GOTO       L_Delay_5500us3
;__Lib_Delays.c,33 :: 		}
L_end_Delay_5500us:
0x0013	0x0008      	RETURN
; end of _Delay_5500us
_Lcd_Cmd:
;__Lib_Lcd.c,18 :: 		
;__Lib_Lcd.c,20 :: 		
0x0014	0x0141      	MOVLB      1
0x0015	0x1BCC      	BTFSC      FARG_Lcd_Cmd_out_char, 7
0x0016	0x281A      	GOTO       L__Lcd_Cmd21
0x0017	0x0140      	MOVLB      0
0x0018	0x128F      	BCF        LCD_D7, BitPos(LCD_D7+0)
0x0019	0x281C      	GOTO       L__Lcd_Cmd22
L__Lcd_Cmd21:
0x001A	0x0140      	MOVLB      0
0x001B	0x168F      	BSF        LCD_D7, BitPos(LCD_D7+0)
L__Lcd_Cmd22:
;__Lib_Lcd.c,21 :: 		
0x001C	0x0141      	MOVLB      1
0x001D	0x1B4C      	BTFSC      FARG_Lcd_Cmd_out_char, 6
0x001E	0x2822      	GOTO       L__Lcd_Cmd23
0x001F	0x0140      	MOVLB      0
0x0020	0x120F      	BCF        LCD_D6, BitPos(LCD_D6+0)
0x0021	0x2824      	GOTO       L__Lcd_Cmd24
L__Lcd_Cmd23:
0x0022	0x0140      	MOVLB      0
0x0023	0x160F      	BSF        LCD_D6, BitPos(LCD_D6+0)
L__Lcd_Cmd24:
;__Lib_Lcd.c,22 :: 		
0x0024	0x0141      	MOVLB      1
0x0025	0x1ACC      	BTFSC      FARG_Lcd_Cmd_out_char, 5
0x0026	0x282A      	GOTO       L__Lcd_Cmd25
0x0027	0x0140      	MOVLB      0
0x0028	0x118F      	BCF        LCD_D5, BitPos(LCD_D5+0)
0x0029	0x282C      	GOTO       L__Lcd_Cmd26
L__Lcd_Cmd25:
0x002A	0x0140      	MOVLB      0
0x002B	0x158F      	BSF        LCD_D5, BitPos(LCD_D5+0)
L__Lcd_Cmd26:
;__Lib_Lcd.c,23 :: 		
0x002C	0x0141      	MOVLB      1
0x002D	0x1A4C      	BTFSC      FARG_Lcd_Cmd_out_char, 4
0x002E	0x2832      	GOTO       L__Lcd_Cmd27
0x002F	0x0140      	MOVLB      0
0x0030	0x110F      	BCF        LCD_D4, BitPos(LCD_D4+0)
0x0031	0x2834      	GOTO       L__Lcd_Cmd28
L__Lcd_Cmd27:
0x0032	0x0140      	MOVLB      0
0x0033	0x150F      	BSF        LCD_D4, BitPos(LCD_D4+0)
L__Lcd_Cmd28:
;__Lib_Lcd.c,25 :: 		
0x0034	0x18EE      	BTFSC      __Lib_Lcd_cmd_status, BitPos(__Lib_Lcd_cmd_status+0)
0x0035	0x2838      	GOTO       L__Lcd_Cmd29
0x0036	0x140F      	BSF        LCD_RS, BitPos(LCD_RS+0)
0x0037	0x2839      	GOTO       L__Lcd_Cmd30
L__Lcd_Cmd29:
0x0038	0x100F      	BCF        LCD_RS, BitPos(LCD_RS+0)
L__Lcd_Cmd30:
;__Lib_Lcd.c,28 :: 		
0x0039	0x148F      	BSF        LCD_EN, BitPos(LCD_EN+0)
;__Lib_Lcd.c,29 :: 		
0x003A	0x200A      	CALL       _Delay_1us
;__Lib_Lcd.c,30 :: 		
0x003B	0x108F      	BCF        LCD_EN, BitPos(LCD_EN+0)
;__Lib_Lcd.c,33 :: 		
0x003C	0x0141      	MOVLB      1
0x003D	0x19CC      	BTFSC      FARG_Lcd_Cmd_out_char, 3
0x003E	0x2842      	GOTO       L__Lcd_Cmd31
0x003F	0x0140      	MOVLB      0
0x0040	0x128F      	BCF        LCD_D7, BitPos(LCD_D7+0)
0x0041	0x2844      	GOTO       L__Lcd_Cmd32
L__Lcd_Cmd31:
0x0042	0x0140      	MOVLB      0
0x0043	0x168F      	BSF        LCD_D7, BitPos(LCD_D7+0)
L__Lcd_Cmd32:
;__Lib_Lcd.c,34 :: 		
0x0044	0x0141      	MOVLB      1
0x0045	0x194C      	BTFSC      FARG_Lcd_Cmd_out_char, 2
0x0046	0x284A      	GOTO       L__Lcd_Cmd33
0x0047	0x0140      	MOVLB      0
0x0048	0x120F      	BCF        LCD_D6, BitPos(LCD_D6+0)
0x0049	0x284C      	GOTO       L__Lcd_Cmd34
L__Lcd_Cmd33:
0x004A	0x0140      	MOVLB      0
0x004B	0x160F      	BSF        LCD_D6, BitPos(LCD_D6+0)
L__Lcd_Cmd34:
;__Lib_Lcd.c,35 :: 		
0x004C	0x0141      	MOVLB      1
0x004D	0x18CC      	BTFSC      FARG_Lcd_Cmd_out_char, 1
0x004E	0x2852      	GOTO       L__Lcd_Cmd35
0x004F	0x0140      	MOVLB      0
0x0050	0x118F      	BCF        LCD_D5, BitPos(LCD_D5+0)
0x0051	0x2854      	GOTO       L__Lcd_Cmd36
L__Lcd_Cmd35:
0x0052	0x0140      	MOVLB      0
0x0053	0x158F      	BSF        LCD_D5, BitPos(LCD_D5+0)
L__Lcd_Cmd36:
;__Lib_Lcd.c,36 :: 		
0x0054	0x0141      	MOVLB      1
0x0055	0x184C      	BTFSC      FARG_Lcd_Cmd_out_char, 0
0x0056	0x285A      	GOTO       L__Lcd_Cmd37
0x0057	0x0140      	MOVLB      0
0x0058	0x110F      	BCF        LCD_D4, BitPos(LCD_D4+0)
0x0059	0x285C      	GOTO       L__Lcd_Cmd38
L__Lcd_Cmd37:
0x005A	0x0140      	MOVLB      0
0x005B	0x150F      	BSF        LCD_D4, BitPos(LCD_D4+0)
L__Lcd_Cmd38:
;__Lib_Lcd.c,38 :: 		
0x005C	0x18EE      	BTFSC      __Lib_Lcd_cmd_status, BitPos(__Lib_Lcd_cmd_status+0)
0x005D	0x2860      	GOTO       L__Lcd_Cmd39
0x005E	0x140F      	BSF        LCD_RS, BitPos(LCD_RS+0)
0x005F	0x2861      	GOTO       L__Lcd_Cmd40
L__Lcd_Cmd39:
0x0060	0x100F      	BCF        LCD_RS, BitPos(LCD_RS+0)
L__Lcd_Cmd40:
;__Lib_Lcd.c,40 :: 		
0x0061	0x148F      	BSF        LCD_EN, BitPos(LCD_EN+0)
;__Lib_Lcd.c,41 :: 		
0x0062	0x200A      	CALL       _Delay_1us
;__Lib_Lcd.c,42 :: 		
0x0063	0x108F      	BCF        LCD_EN, BitPos(LCD_EN+0)
;__Lib_Lcd.c,44 :: 		
0x0064	0x1CEE      	BTFSS      __Lib_Lcd_cmd_status, BitPos(__Lib_Lcd_cmd_status+0)
0x0065	0x2868      	GOTO       L_Lcd_Cmd0
;__Lib_Lcd.c,45 :: 		
0x0066	0x200B      	CALL       _Delay_5500us
0x0067	0x2869      	GOTO       L_Lcd_Cmd1
L_Lcd_Cmd0:
;__Lib_Lcd.c,47 :: 		
0x0068	0x2003      	CALL       _Delay_50us
L_Lcd_Cmd1:
;__Lib_Lcd.c,48 :: 		
L_end_Lcd_Cmd:
0x0069	0x0008      	RETURN
; end of _Lcd_Cmd
_Lcd_Chr_CP:
;__Lib_Lcd.c,50 :: 		
;__Lib_Lcd.c,52 :: 		
0x006A	0x0140      	MOVLB      0
0x006B	0x10EE      	BCF        __Lib_Lcd_cmd_status, BitPos(__Lib_Lcd_cmd_status+0)
;__Lib_Lcd.c,53 :: 		
0x006C	0x0141      	MOVLB      1
0x006D	0x084B      	MOVF       FARG_Lcd_Chr_CP_out_char, 0
0x006E	0x00CC      	MOVWF      FARG_Lcd_Cmd_out_char
0x006F	0x2014      	CALL       _Lcd_Cmd
;__Lib_Lcd.c,54 :: 		
0x0070	0x14EE      	BSF        __Lib_Lcd_cmd_status, BitPos(__Lib_Lcd_cmd_status+0)
;__Lib_Lcd.c,55 :: 		
L_end_Lcd_Chr_CP:
0x0071	0x0008      	RETURN
; end of _Lcd_Chr_CP
_Lcd_Init:
;__Lib_Lcd.c,84 :: 		
;__Lib_Lcd.c,86 :: 		
0x0072	0x0140      	MOVLB      0
0x0073	0x1094      	BCF        LCD_EN_Direction, BitPos(LCD_EN_Direction+0)
;__Lib_Lcd.c,87 :: 		
0x0074	0x1014      	BCF        LCD_RS_Direction, BitPos(LCD_RS_Direction+0)
;__Lib_Lcd.c,88 :: 		
0x0075	0x1114      	BCF        LCD_D4_Direction, BitPos(LCD_D4_Direction+0)
;__Lib_Lcd.c,89 :: 		
0x0076	0x1194      	BCF        LCD_D5_Direction, BitPos(LCD_D5_Direction+0)
;__Lib_Lcd.c,90 :: 		
0x0077	0x1214      	BCF        LCD_D6_Direction, BitPos(LCD_D6_Direction+0)
;__Lib_Lcd.c,91 :: 		
0x0078	0x1294      	BCF        LCD_D7_Direction, BitPos(LCD_D7_Direction+0)
;__Lib_Lcd.c,93 :: 		
0x0079	0x108F      	BCF        LCD_EN, BitPos(LCD_EN+0)
;__Lib_Lcd.c,94 :: 		
0x007A	0x100F      	BCF        LCD_RS, BitPos(LCD_RS+0)
;__Lib_Lcd.c,95 :: 		
0x007B	0x128F      	BCF        LCD_D7, BitPos(LCD_D7+0)
;__Lib_Lcd.c,96 :: 		
0x007C	0x120F      	BCF        LCD_D6, BitPos(LCD_D6+0)
;__Lib_Lcd.c,97 :: 		
0x007D	0x118F      	BCF        LCD_D5, BitPos(LCD_D5+0)
;__Lib_Lcd.c,98 :: 		
0x007E	0x110F      	BCF        LCD_D4, BitPos(LCD_D4+0)
;__Lib_Lcd.c,100 :: 		
0x007F	0x200B      	CALL       _Delay_5500us
;__Lib_Lcd.c,101 :: 		
0x0080	0x200B      	CALL       _Delay_5500us
;__Lib_Lcd.c,102 :: 		
0x0081	0x200B      	CALL       _Delay_5500us
;__Lib_Lcd.c,105 :: 		
0x0082	0x158F      	BSF        LCD_D5, BitPos(LCD_D5+0)
;__Lib_Lcd.c,106 :: 		
0x0083	0x150F      	BSF        LCD_D4, BitPos(LCD_D4+0)
;__Lib_Lcd.c,107 :: 		
0x0084	0x148F      	BSF        LCD_EN, BitPos(LCD_EN+0)
;__Lib_Lcd.c,108 :: 		
0x0085	0x200A      	CALL       _Delay_1us
;__Lib_Lcd.c,109 :: 		
0x0086	0x108F      	BCF        LCD_EN, BitPos(LCD_EN+0)
;__Lib_Lcd.c,110 :: 		
0x0087	0x200B      	CALL       _Delay_5500us
;__Lib_Lcd.c,112 :: 		
0x0088	0x148F      	BSF        LCD_EN, BitPos(LCD_EN+0)
;__Lib_Lcd.c,113 :: 		
0x0089	0x200A      	CALL       _Delay_1us
;__Lib_Lcd.c,114 :: 		
0x008A	0x108F      	BCF        LCD_EN, BitPos(LCD_EN+0)
;__Lib_Lcd.c,115 :: 		
0x008B	0x200B      	CALL       _Delay_5500us
;__Lib_Lcd.c,117 :: 		
0x008C	0x148F      	BSF        LCD_EN, BitPos(LCD_EN+0)
;__Lib_Lcd.c,118 :: 		
0x008D	0x200A      	CALL       _Delay_1us
;__Lib_Lcd.c,119 :: 		
0x008E	0x108F      	BCF        LCD_EN, BitPos(LCD_EN+0)
;__Lib_Lcd.c,120 :: 		
0x008F	0x200B      	CALL       _Delay_5500us
;__Lib_Lcd.c,123 :: 		
0x0090	0x110F      	BCF        LCD_D4, BitPos(LCD_D4+0)
;__Lib_Lcd.c,124 :: 		
0x0091	0x148F      	BSF        LCD_EN, BitPos(LCD_EN+0)
;__Lib_Lcd.c,125 :: 		
0x0092	0x200A      	CALL       _Delay_1us
;__Lib_Lcd.c,126 :: 		
0x0093	0x108F      	BCF        LCD_EN, BitPos(LCD_EN+0)
;__Lib_Lcd.c,127 :: 		
0x0094	0x200B      	CALL       _Delay_5500us
;__Lib_Lcd.c,130 :: 		
0x0095	0x148F      	BSF        LCD_EN, BitPos(LCD_EN+0)
;__Lib_Lcd.c,131 :: 		
0x0096	0x200A      	CALL       _Delay_1us
;__Lib_Lcd.c,132 :: 		
0x0097	0x108F      	BCF        LCD_EN, BitPos(LCD_EN+0)
;__Lib_Lcd.c,134 :: 		
0x0098	0x118F      	BCF        LCD_D5, BitPos(LCD_D5+0)
;__Lib_Lcd.c,135 :: 		
0x0099	0x168F      	BSF        LCD_D7, BitPos(LCD_D7+0)
;__Lib_Lcd.c,136 :: 		
0x009A	0x148F      	BSF        LCD_EN, BitPos(LCD_EN+0)
;__Lib_Lcd.c,137 :: 		
0x009B	0x200A      	CALL       _Delay_1us
;__Lib_Lcd.c,138 :: 		
0x009C	0x108F      	BCF        LCD_EN, BitPos(LCD_EN+0)
;__Lib_Lcd.c,139 :: 		
0x009D	0x200B      	CALL       _Delay_5500us
;__Lib_Lcd.c,142 :: 		
0x009E	0x128F      	BCF        LCD_D7, BitPos(LCD_D7+0)
;__Lib_Lcd.c,143 :: 		
0x009F	0x150F      	BSF        LCD_D4, BitPos(LCD_D4+0)
;__Lib_Lcd.c,144 :: 		
0x00A0	0x148F      	BSF        LCD_EN, BitPos(LCD_EN+0)
;__Lib_Lcd.c,145 :: 		
0x00A1	0x200A      	CALL       _Delay_1us
;__Lib_Lcd.c,146 :: 		
0x00A2	0x108F      	BCF        LCD_EN, BitPos(LCD_EN+0)
;__Lib_Lcd.c,148 :: 		
0x00A3	0x110F      	BCF        LCD_D4, BitPos(LCD_D4+0)
;__Lib_Lcd.c,149 :: 		
0x00A4	0x148F      	BSF        LCD_EN, BitPos(LCD_EN+0)
;__Lib_Lcd.c,150 :: 		
0x00A5	0x200A      	CALL       _Delay_1us
;__Lib_Lcd.c,151 :: 		
0x00A6	0x108F      	BCF        LCD_EN, BitPos(LCD_EN+0)
;__Lib_Lcd.c,152 :: 		
0x00A7	0x200B      	CALL       _Delay_5500us
;__Lib_Lcd.c,155 :: 		
0x00A8	0x148F      	BSF        LCD_EN, BitPos(LCD_EN+0)
;__Lib_Lcd.c,156 :: 		
0x00A9	0x200A      	CALL       _Delay_1us
;__Lib_Lcd.c,157 :: 		
0x00AA	0x108F      	BCF        LCD_EN, BitPos(LCD_EN+0)
;__Lib_Lcd.c,159 :: 		
0x00AB	0x150F      	BSF        LCD_D4, BitPos(LCD_D4+0)
;__Lib_Lcd.c,160 :: 		
0x00AC	0x148F      	BSF        LCD_EN, BitPos(LCD_EN+0)
;__Lib_Lcd.c,161 :: 		
0x00AD	0x200A      	CALL       _Delay_1us
;__Lib_Lcd.c,162 :: 		
0x00AE	0x108F      	BCF        LCD_EN, BitPos(LCD_EN+0)
;__Lib_Lcd.c,163 :: 		
0x00AF	0x200B      	CALL       _Delay_5500us
;__Lib_Lcd.c,166 :: 		
0x00B0	0x110F      	BCF        LCD_D4, BitPos(LCD_D4+0)
;__Lib_Lcd.c,167 :: 		
0x00B1	0x148F      	BSF        LCD_EN, BitPos(LCD_EN+0)
;__Lib_Lcd.c,168 :: 		
0x00B2	0x200A      	CALL       _Delay_1us
;__Lib_Lcd.c,169 :: 		
0x00B3	0x108F      	BCF        LCD_EN, BitPos(LCD_EN+0)
;__Lib_Lcd.c,171 :: 		
0x00B4	0x168F      	BSF        LCD_D7, BitPos(LCD_D7+0)
;__Lib_Lcd.c,172 :: 		
0x00B5	0x160F      	BSF        LCD_D6, BitPos(LCD_D6+0)
;__Lib_Lcd.c,173 :: 		
0x00B6	0x158F      	BSF        LCD_D5, BitPos(LCD_D5+0)
;__Lib_Lcd.c,174 :: 		
0x00B7	0x150F      	BSF        LCD_D4, BitPos(LCD_D4+0)
;__Lib_Lcd.c,175 :: 		
0x00B8	0x148F      	BSF        LCD_EN, BitPos(LCD_EN+0)
;__Lib_Lcd.c,176 :: 		
0x00B9	0x200A      	CALL       _Delay_1us
;__Lib_Lcd.c,177 :: 		
0x00BA	0x108F      	BCF        LCD_EN, BitPos(LCD_EN+0)
;__Lib_Lcd.c,179 :: 		
0x00BB	0x200B      	CALL       _Delay_5500us
;__Lib_Lcd.c,181 :: 		
0x00BC	0x14EE      	BSF        __Lib_Lcd_cmd_status, BitPos(__Lib_Lcd_cmd_status+0)
;__Lib_Lcd.c,182 :: 		
L_end_Lcd_Init:
0x00BD	0x0008      	RETURN
; end of _Lcd_Init
_Lcd_Out:
;__Lib_Lcd.c,184 :: 		
;__Lib_Lcd.c,187 :: 		
0x00BE	0x28CF      	GOTO       L_Lcd_Out11
;__Lib_Lcd.c,188 :: 		
L_Lcd_Out13:
0x00BF	0x3080      	MOVLW      128
0x00C0	0x0141      	MOVLB      1
0x00C1	0x00C6      	MOVWF      FARG_Lcd_Out_row
0x00C2	0x28E1      	GOTO       L_Lcd_Out12
;__Lib_Lcd.c,189 :: 		
L_Lcd_Out14:
0x00C3	0x30C0      	MOVLW      192
0x00C4	0x00C6      	MOVWF      FARG_Lcd_Out_row
0x00C5	0x28E1      	GOTO       L_Lcd_Out12
;__Lib_Lcd.c,190 :: 		
L_Lcd_Out15:
0x00C6	0x3094      	MOVLW      148
0x00C7	0x00C6      	MOVWF      FARG_Lcd_Out_row
0x00C8	0x28E1      	GOTO       L_Lcd_Out12
;__Lib_Lcd.c,191 :: 		
L_Lcd_Out16:
0x00C9	0x30D4      	MOVLW      212
0x00CA	0x00C6      	MOVWF      FARG_Lcd_Out_row
0x00CB	0x28E1      	GOTO       L_Lcd_Out12
;__Lib_Lcd.c,192 :: 		
L_Lcd_Out17:
0x00CC	0x3080      	MOVLW      128
0x00CD	0x00C6      	MOVWF      FARG_Lcd_Out_row
;__Lib_Lcd.c,193 :: 		
0x00CE	0x28E1      	GOTO       L_Lcd_Out12
L_Lcd_Out11:
0x00CF	0x0141      	MOVLB      1
0x00D0	0x0846      	MOVF       FARG_Lcd_Out_row, 0
0x00D1	0x3A01      	XORLW      1
0x00D2	0x1903      	BTFSC      STATUS, 2
0x00D3	0x28BF      	GOTO       L_Lcd_Out13
0x00D4	0x0846      	MOVF       FARG_Lcd_Out_row, 0
0x00D5	0x3A02      	XORLW      2
0x00D6	0x1903      	BTFSC      STATUS, 2
0x00D7	0x28C3      	GOTO       L_Lcd_Out14
0x00D8	0x0846      	MOVF       FARG_Lcd_Out_row, 0
0x00D9	0x3A03      	XORLW      3
0x00DA	0x1903      	BTFSC      STATUS, 2
0x00DB	0x28C6      	GOTO       L_Lcd_Out15
0x00DC	0x0846      	MOVF       FARG_Lcd_Out_row, 0
0x00DD	0x3A04      	XORLW      4
0x00DE	0x1903      	BTFSC      STATUS, 2
0x00DF	0x28C9      	GOTO       L_Lcd_Out16
0x00E0	0x28CC      	GOTO       L_Lcd_Out17
L_Lcd_Out12:
;__Lib_Lcd.c,194 :: 		
0x00E1	0x0347      	DECF       FARG_Lcd_Out_column, 0
0x00E2	0x00F0      	MOVWF      R0
0x00E3	0x0846      	MOVF       FARG_Lcd_Out_row, 0
0x00E4	0x07F0      	ADDWF      R0, 1
0x00E5	0x0870      	MOVF       R0, 0
0x00E6	0x00C6      	MOVWF      FARG_Lcd_Out_row
;__Lib_Lcd.c,196 :: 		
0x00E7	0x0870      	MOVF       R0, 0
0x00E8	0x00CC      	MOVWF      FARG_Lcd_Cmd_out_char
0x00E9	0x2014      	CALL       _Lcd_Cmd
;__Lib_Lcd.c,197 :: 		
0x00EA	0x10EE      	BCF        __Lib_Lcd_cmd_status, BitPos(__Lib_Lcd_cmd_status+0)
;__Lib_Lcd.c,198 :: 		
0x00EB	0x0141      	MOVLB      1
0x00EC	0x01CA      	CLRF       Lcd_Out_i_L0
;__Lib_Lcd.c,199 :: 		
L_Lcd_Out18:
0x00ED	0x084A      	MOVF       Lcd_Out_i_L0, 0
0x00EE	0x0748      	ADDWF      FARG_Lcd_Out_text, 0
0x00EF	0x0084      	MOVWF      FSR0
0x00F0	0x3000      	MOVLW      0
0x00F1	0x3D49      	ADDWFC     FARG_Lcd_Out_text+1, 0
0x00F2	0x0085      	MOVWF      FSR0H
0x00F3	0x0800      	MOVF       INDF0, 0
0x00F4	0x1903      	BTFSC      STATUS, 2
0x00F5	0x2902      	GOTO       L_Lcd_Out19
;__Lib_Lcd.c,200 :: 		
0x00F6	0x084A      	MOVF       Lcd_Out_i_L0, 0
0x00F7	0x0748      	ADDWF      FARG_Lcd_Out_text, 0
0x00F8	0x0084      	MOVWF      FSR0
0x00F9	0x3000      	MOVLW      0
0x00FA	0x3D49      	ADDWFC     FARG_Lcd_Out_text+1, 0
0x00FB	0x0085      	MOVWF      FSR0H
0x00FC	0x0800      	MOVF       INDF0, 0
0x00FD	0x00CB      	MOVWF      FARG_Lcd_Chr_CP_out_char
0x00FE	0x206A      	CALL       _Lcd_Chr_CP
0x00FF	0x0141      	MOVLB      1
0x0100	0x0ACA      	INCF       Lcd_Out_i_L0, 1
0x0101	0x28ED      	GOTO       L_Lcd_Out18
L_Lcd_Out19:
;__Lib_Lcd.c,201 :: 		
0x0102	0x0140      	MOVLB      0
0x0103	0x14EE      	BSF        __Lib_Lcd_cmd_status, BitPos(__Lib_Lcd_cmd_status+0)
;__Lib_Lcd.c,202 :: 		
L_end_Lcd_Out:
0x0104	0x0008      	RETURN
; end of _Lcd_Out
_mostrar_modo:
;main.c,13 :: 		void mostrar_modo(unsigned char modo) {
;main.c,14 :: 		Lcd_Cmd(_LCD_CLEAR);
0x0105	0x3001      	MOVLW      1
0x0106	0x0141      	MOVLB      1
0x0107	0x00CC      	MOVWF      FARG_Lcd_Cmd_out_char
0x0108	0x2014      	CALL       _Lcd_Cmd
;main.c,15 :: 		switch(modo) {
0x0109	0x292B      	GOTO       L_mostrar_modo20
;main.c,16 :: 		case MODO_CRONOMETRO:
L_mostrar_modo22:
;main.c,17 :: 		Lcd_Out(1,1,"Modo: Cronometro");
0x010A	0x3001      	MOVLW      1
0x010B	0x0141      	MOVLB      1
0x010C	0x00C6      	MOVWF      FARG_Lcd_Out_row
0x010D	0x3001      	MOVLW      1
0x010E	0x00C7      	MOVWF      FARG_Lcd_Out_column
0x010F	0x305C      	MOVLW      ?lstr1_main
0x0110	0x00C8      	MOVWF      FARG_Lcd_Out_text
0x0111	0x3000      	MOVLW      hi_addr(?lstr1_main)
0x0112	0x00C9      	MOVWF      FARG_Lcd_Out_text+1
0x0113	0x20BE      	CALL       _Lcd_Out
;main.c,18 :: 		break;
0x0114	0x2938      	GOTO       L_mostrar_modo21
;main.c,19 :: 		case MODO_TEMPORIZADOR:
L_mostrar_modo23:
;main.c,20 :: 		Lcd_Out(1,1,"Modo: Temporizador");
0x0115	0x3001      	MOVLW      1
0x0116	0x0141      	MOVLB      1
0x0117	0x00C6      	MOVWF      FARG_Lcd_Out_row
0x0118	0x3001      	MOVLW      1
0x0119	0x00C7      	MOVWF      FARG_Lcd_Out_column
0x011A	0x30B1      	MOVLW      ?lstr2_main
0x011B	0x00C8      	MOVWF      FARG_Lcd_Out_text
0x011C	0x3000      	MOVLW      hi_addr(?lstr2_main)
0x011D	0x00C9      	MOVWF      FARG_Lcd_Out_text+1
0x011E	0x20BE      	CALL       _Lcd_Out
;main.c,21 :: 		break;
0x011F	0x2938      	GOTO       L_mostrar_modo21
;main.c,22 :: 		case MODO_FRECUENCIMETRO:
L_mostrar_modo24:
;main.c,23 :: 		Lcd_Out(1,1,"Modo: Frec.Metro");
0x0120	0x3001      	MOVLW      1
0x0121	0x0141      	MOVLB      1
0x0122	0x00C6      	MOVWF      FARG_Lcd_Out_row
0x0123	0x3001      	MOVLW      1
0x0124	0x00C7      	MOVWF      FARG_Lcd_Out_column
0x0125	0x30A0      	MOVLW      ?lstr3_main
0x0126	0x00C8      	MOVWF      FARG_Lcd_Out_text
0x0127	0x3000      	MOVLW      hi_addr(?lstr3_main)
0x0128	0x00C9      	MOVWF      FARG_Lcd_Out_text+1
0x0129	0x20BE      	CALL       _Lcd_Out
;main.c,24 :: 		break;
0x012A	0x2938      	GOTO       L_mostrar_modo21
;main.c,25 :: 		}
L_mostrar_modo20:
0x012B	0x0141      	MOVLB      1
0x012C	0x0845      	MOVF       FARG_mostrar_modo_modo, 0
0x012D	0x3A00      	XORLW      0
0x012E	0x1903      	BTFSC      STATUS, 2
0x012F	0x290A      	GOTO       L_mostrar_modo22
0x0130	0x0845      	MOVF       FARG_mostrar_modo_modo, 0
0x0131	0x3A01      	XORLW      1
0x0132	0x1903      	BTFSC      STATUS, 2
0x0133	0x2915      	GOTO       L_mostrar_modo23
0x0134	0x0845      	MOVF       FARG_mostrar_modo_modo, 0
0x0135	0x3A02      	XORLW      2
0x0136	0x1903      	BTFSC      STATUS, 2
0x0137	0x2920      	GOTO       L_mostrar_modo24
L_mostrar_modo21:
;main.c,26 :: 		if(conteo_activo)
0x0138	0x0140      	MOVLB      0
0x0139	0x1D6E      	BTFSS      _conteo_activo, BitPos(_conteo_activo+0)
0x013A	0x2946      	GOTO       L_mostrar_modo25
;main.c,27 :: 		Lcd_Out(2,1,"En ejecucion...");
0x013B	0x3002      	MOVLW      2
0x013C	0x0141      	MOVLB      1
0x013D	0x00C6      	MOVWF      FARG_Lcd_Out_row
0x013E	0x3001      	MOVLW      1
0x013F	0x00C7      	MOVWF      FARG_Lcd_Out_column
0x0140	0x304C      	MOVLW      ?lstr4_main
0x0141	0x00C8      	MOVWF      FARG_Lcd_Out_text
0x0142	0x3000      	MOVLW      hi_addr(?lstr4_main)
0x0143	0x00C9      	MOVWF      FARG_Lcd_Out_text+1
0x0144	0x20BE      	CALL       _Lcd_Out
0x0145	0x2950      	GOTO       L_mostrar_modo26
L_mostrar_modo25:
;main.c,29 :: 		Lcd_Out(2,1,"RC2:Start/Stop");
0x0146	0x3002      	MOVLW      2
0x0147	0x0141      	MOVLB      1
0x0148	0x00C6      	MOVWF      FARG_Lcd_Out_row
0x0149	0x3001      	MOVLW      1
0x014A	0x00C7      	MOVWF      FARG_Lcd_Out_column
0x014B	0x3020      	MOVLW      ?lstr5_main
0x014C	0x00C8      	MOVWF      FARG_Lcd_Out_text
0x014D	0x3000      	MOVLW      hi_addr(?lstr5_main)
0x014E	0x00C9      	MOVWF      FARG_Lcd_Out_text+1
0x014F	0x20BE      	CALL       _Lcd_Out
L_mostrar_modo26:
;main.c,30 :: 		}
L_end_mostrar_modo:
0x0150	0x0008      	RETURN
; end of _mostrar_modo
_leer_teclado:
;keypad_p1.h,17 :: 		char leer_teclado() {
;keypad_p1.h,20 :: 		FILAS_TRIS = 0b11110000; // RB0-RB3 salidas (filas), RB4-RB7 entradas (columnas)
0x0151	0x30F0      	MOVLW      240
0x0152	0x0140      	MOVLB      0
0x0153	0x0092      	MOVWF      TRISB
;keypad_p1.h,21 :: 		FILAS_LAT = 0x0F;        // Filas en alto (RB0-RB3), columnas sin modificar
0x0154	0x300F      	MOVLW      15
0x0155	0x0097      	MOVWF      LATB
;keypad_p1.h,23 :: 		for (fila = 0; fila < 4; fila++) {
0x0156	0x01F3      	CLRF       R3
L_leer_teclado0:
0x0157	0x3004      	MOVLW      4
0x0158	0x0273      	SUBWF      R3, 0
0x0159	0x1803      	BTFSC      STATUS, 0
0x015A	0x29C3      	GOTO       L_leer_teclado1
;keypad_p1.h,24 :: 		FILAS_LAT = 0x0F;            // Todas filas en alto
0x015B	0x300F      	MOVLW      15
0x015C	0x0097      	MOVWF      LATB
;keypad_p1.h,25 :: 		FILAS_LAT &= ~(1 << fila);   // Activa fila (baja)
0x015D	0x0873      	MOVF       R3, 0
0x015E	0x00F1      	MOVWF      R1
0x015F	0x3001      	MOVLW      1
0x0160	0x00F0      	MOVWF      R0
0x0161	0x0871      	MOVF       R1, 0
L__leer_teclado52:
0x0162	0x1903      	BTFSC      STATUS, 2
0x0163	0x2967      	GOTO       L__leer_teclado53
0x0164	0x35F0      	LSLF       R0, 1
0x0165	0x3EFF      	ADDLW      255
0x0166	0x2962      	GOTO       L__leer_teclado52
L__leer_teclado53:
0x0167	0x09F0      	COMF       R0, 1
0x0168	0x0870      	MOVF       R0, 0
0x0169	0x0597      	ANDWF      LATB, 1
;keypad_p1.h,26 :: 		Delay_us(20);
0x016A	0x0000      	NOP
0x016B	0x0000      	NOP
0x016C	0x0000      	NOP
0x016D	0x0000      	NOP
0x016E	0x0000      	NOP
;keypad_p1.h,28 :: 		for (col = 0; col < 4; col++) {
0x016F	0x01F4      	CLRF       R4
L_leer_teclado3:
0x0170	0x3004      	MOVLW      4
0x0171	0x0274      	SUBWF      R4, 0
0x0172	0x1803      	BTFSC      STATUS, 0
0x0173	0x29C1      	GOTO       L_leer_teclado4
;keypad_p1.h,29 :: 		if (!(FILAS_PORT & (1 << (col + 4)))) { // Si columna baja (tecla presionada)
0x0174	0x3004      	MOVLW      4
0x0175	0x0774      	ADDWF      R4, 0
0x0176	0x00F0      	MOVWF      R0
0x0177	0x01F1      	CLRF       R1
0x0178	0x3000      	MOVLW      0
0x0179	0x3DF1      	ADDWFC     R1, 1
0x017A	0x0870      	MOVF       R0, 0
0x017B	0x00F2      	MOVWF      R2
0x017C	0x3001      	MOVLW      1
0x017D	0x00F0      	MOVWF      R0
0x017E	0x3000      	MOVLW      0
0x017F	0x00F1      	MOVWF      R1
0x0180	0x0872      	MOVF       R2, 0
L__leer_teclado54:
0x0181	0x1903      	BTFSC      STATUS, 2
0x0182	0x2987      	GOTO       L__leer_teclado55
0x0183	0x35F0      	LSLF       R0, 1
0x0184	0x0DF1      	RLF        R1, 1
0x0185	0x3EFF      	ADDLW      255
0x0186	0x2981      	GOTO       L__leer_teclado54
L__leer_teclado55:
0x0187	0x080D      	MOVF       PORTB, 0
0x0188	0x05F0      	ANDWF      R0, 1
0x0189	0x3000      	MOVLW      0
0x018A	0x05F1      	ANDWF      R1, 1
0x018B	0x0870      	MOVF       R0, 0
0x018C	0x0471      	IORWF       R1, 0
0x018D	0x1D03      	BTFSS      STATUS, 2
0x018E	0x29BF      	GOTO       L_leer_teclado6
;keypad_p1.h,30 :: 		while (!(FILAS_PORT & (1 << (col + 4)))); // Espera que se suelte (antirrebote)
L_leer_teclado7:
0x018F	0x3004      	MOVLW      4
0x0190	0x0774      	ADDWF      R4, 0
0x0191	0x00F0      	MOVWF      R0
0x0192	0x01F1      	CLRF       R1
0x0193	0x3000      	MOVLW      0
0x0194	0x3DF1      	ADDWFC     R1, 1
0x0195	0x0870      	MOVF       R0, 0
0x0196	0x00F2      	MOVWF      R2
0x0197	0x3001      	MOVLW      1
0x0198	0x00F0      	MOVWF      R0
0x0199	0x3000      	MOVLW      0
0x019A	0x00F1      	MOVWF      R1
0x019B	0x0872      	MOVF       R2, 0
L__leer_teclado56:
0x019C	0x1903      	BTFSC      STATUS, 2
0x019D	0x29A2      	GOTO       L__leer_teclado57
0x019E	0x35F0      	LSLF       R0, 1
0x019F	0x0DF1      	RLF        R1, 1
0x01A0	0x3EFF      	ADDLW      255
0x01A1	0x299C      	GOTO       L__leer_teclado56
L__leer_teclado57:
0x01A2	0x080D      	MOVF       PORTB, 0
0x01A3	0x05F0      	ANDWF      R0, 1
0x01A4	0x3000      	MOVLW      0
0x01A5	0x05F1      	ANDWF      R1, 1
0x01A6	0x0870      	MOVF       R0, 0
0x01A7	0x0471      	IORWF       R1, 0
0x01A8	0x1D03      	BTFSS      STATUS, 2
0x01A9	0x29AB      	GOTO       L_leer_teclado8
0x01AA	0x298F      	GOTO       L_leer_teclado7
L_leer_teclado8:
;keypad_p1.h,31 :: 		return tecla_map[fila][col];
0x01AB	0x0873      	MOVF       R3, 0
0x01AC	0x00F0      	MOVWF      R0
0x01AD	0x01F1      	CLRF       R1
0x01AE	0x35F0      	LSLF       R0, 1
0x01AF	0x0DF1      	RLF        R1, 1
0x01B0	0x35F0      	LSLF       R0, 1
0x01B1	0x0DF1      	RLF        R1, 1
0x01B2	0x3036      	MOVLW      _tecla_map
0x01B3	0x07F0      	ADDWF      R0, 1
0x01B4	0x3083      	MOVLW      hi_addr(_tecla_map)
0x01B5	0x3DF1      	ADDWFC     R1, 1
0x01B6	0x0874      	MOVF       R4, 0
0x01B7	0x0770      	ADDWF      R0, 0
0x01B8	0x0084      	MOVWF      FSR0
0x01B9	0x3000      	MOVLW      0
0x01BA	0x3D71      	ADDWFC     R1, 0
0x01BB	0x0085      	MOVWF      FSR0H
0x01BC	0x0800      	MOVF       INDF0, 0
0x01BD	0x00F0      	MOVWF      R0
0x01BE	0x29C4      	GOTO       L_end_leer_teclado
;keypad_p1.h,32 :: 		}
L_leer_teclado6:
;keypad_p1.h,28 :: 		for (col = 0; col < 4; col++) {
0x01BF	0x0AF4      	INCF       R4, 1
;keypad_p1.h,33 :: 		}
0x01C0	0x2970      	GOTO       L_leer_teclado3
L_leer_teclado4:
;keypad_p1.h,23 :: 		for (fila = 0; fila < 4; fila++) {
0x01C1	0x0AF3      	INCF       R3, 1
;keypad_p1.h,34 :: 		}
0x01C2	0x2957      	GOTO       L_leer_teclado0
L_leer_teclado1:
;keypad_p1.h,35 :: 		return 0; // Ninguna tecla presionada
0x01C3	0x01F0      	CLRF       R0
;keypad_p1.h,36 :: 		}
L_end_leer_teclado:
0x01C4	0x0008      	RETURN
; end of _leer_teclado
_Pulsadores_P1_Init:
;pulsador_p1.h,10 :: 		void Pulsadores_P1_Init() {
;pulsador_p1.h,11 :: 		TRISC.F1 = 1; // RC1 como entrada
0x01C5	0x0140      	MOVLB      0
0x01C6	0x1493      	BSF        TRISC, 1
;pulsador_p1.h,12 :: 		TRISC.F2 = 1; // RC2 como entrada
0x01C7	0x1513      	BSF        TRISC, 2
;pulsador_p1.h,14 :: 		WPUC.F1 = 1;
0x01C8	0x017E      	MOVLB      62
0x01C9	0x14CF      	BSF        WPUC, 1
;pulsador_p1.h,15 :: 		WPUC.F2 = 1;
0x01CA	0x154F      	BSF        WPUC, 2
;pulsador_p1.h,17 :: 		Delay_ms(10); // Estabilizar lectura inicial
0x01CB	0x3004      	MOVLW      4
0x01CC	0x00FC      	MOVWF      R12
0x01CD	0x303D      	MOVLW      61
0x01CE	0x00FD      	MOVWF      R13
L_Pulsadores_P1_Init9:
0x01CF	0x0BFD      	DECFSZ     R13, 1
0x01D0	0x29CF      	GOTO       L_Pulsadores_P1_Init9
0x01D1	0x0BFC      	DECFSZ     R12, 1
0x01D2	0x29CF      	GOTO       L_Pulsadores_P1_Init9
0x01D3	0x0000      	NOP
0x01D4	0x0000      	NOP
;pulsador_p1.h,20 :: 		prev_modo  = PULSADOR_MODO;
0x01D5	0x3000      	MOVLW      0
0x01D6	0x0140      	MOVLB      0
0x01D7	0x188E      	BTFSC      PORTC, 1
0x01D8	0x3001      	MOVLW      1
0x01D9	0x0141      	MOVLB      1
0x01DA	0x00C4      	MOVWF      main_prev_modo
;pulsador_p1.h,21 :: 		prev_start = PULSADOR_START;
0x01DB	0x3000      	MOVLW      0
0x01DC	0x0140      	MOVLB      0
0x01DD	0x190E      	BTFSC      PORTC, 2
0x01DE	0x3001      	MOVLW      1
0x01DF	0x00EF      	MOVWF      main_prev_start
;pulsador_p1.h,22 :: 		}
L_end_Pulsadores_P1_Init:
0x01E0	0x0008      	RETURN
; end of _Pulsadores_P1_Init
___CC2DW:
;__Lib_System.c,71 :: 		
;__Lib_System.c,73 :: 		
_CC2DL_Loop1:
;__Lib_System.c,74 :: 		
0x01E1	0x0012      	MOVIW      FSR0++ 
;__Lib_System.c,75 :: 		
0x01E2	0x001E      	MOVWI      FSR1++ 
;__Lib_System.c,76 :: 		
0x01E3	0x03F0      	DECF       R0, 1
;__Lib_System.c,77 :: 		
0x01E4	0x1D03      	BTFSS      STATUS, 2
;__Lib_System.c,78 :: 		
0x01E5	0x29E1      	GOTO       _CC2DL_Loop1
;__Lib_System.c,79 :: 		
0x01E6	0x03F1      	DECF       R1, 1
;__Lib_System.c,80 :: 		
0x01E7	0x1D03      	BTFSS      STATUS, 2
;__Lib_System.c,81 :: 		
0x01E8	0x29E1      	GOTO       _CC2DL_Loop1
;__Lib_System.c,83 :: 		
L_end___CC2DW:
0x01E9	0x0008      	RETURN
; end of ___CC2DW
_Pulsador_Modo_Presionado:
;pulsador_p1.h,24 :: 		char Pulsador_Modo_Presionado() {
;pulsador_p1.h,25 :: 		char pressed = 0;
0x01EA	0x0141      	MOVLB      1
0x01EB	0x01C5      	CLRF       Pulsador_Modo_Presionado_pressed_L0
;pulsador_p1.h,26 :: 		if ((prev_modo == 1) && (PULSADOR_MODO == 0)) {
0x01EC	0x0844      	MOVF       main_prev_modo, 0
0x01ED	0x3A01      	XORLW      1
0x01EE	0x1D03      	BTFSS      STATUS, 2
0x01EF	0x2A00      	GOTO       L_Pulsador_Modo_Presionado12
0x01F0	0x0140      	MOVLB      0
0x01F1	0x188E      	BTFSC      PORTC, 1
0x01F2	0x2A00      	GOTO       L_Pulsador_Modo_Presionado12
L__Pulsador_Modo_Presionado48:
;pulsador_p1.h,27 :: 		Delay_ms(20); // debounce
0x01F3	0x3007      	MOVLW      7
0x01F4	0x00FC      	MOVWF      R12
0x01F5	0x307D      	MOVLW      125
0x01F6	0x00FD      	MOVWF      R13
L_Pulsador_Modo_Presionado13:
0x01F7	0x0BFD      	DECFSZ     R13, 1
0x01F8	0x29F7      	GOTO       L_Pulsador_Modo_Presionado13
0x01F9	0x0BFC      	DECFSZ     R12, 1
0x01FA	0x29F7      	GOTO       L_Pulsador_Modo_Presionado13
;pulsador_p1.h,28 :: 		if (PULSADOR_MODO == 0) pressed = 1;
0x01FB	0x188E      	BTFSC      PORTC, 1
0x01FC	0x2A00      	GOTO       L_Pulsador_Modo_Presionado14
0x01FD	0x3001      	MOVLW      1
0x01FE	0x0141      	MOVLB      1
0x01FF	0x00C5      	MOVWF      Pulsador_Modo_Presionado_pressed_L0
L_Pulsador_Modo_Presionado14:
;pulsador_p1.h,29 :: 		}
L_Pulsador_Modo_Presionado12:
;pulsador_p1.h,30 :: 		prev_modo = PULSADOR_MODO;
0x0200	0x3000      	MOVLW      0
0x0201	0x0140      	MOVLB      0
0x0202	0x188E      	BTFSC      PORTC, 1
0x0203	0x3001      	MOVLW      1
0x0204	0x0141      	MOVLB      1
0x0205	0x00C4      	MOVWF      main_prev_modo
;pulsador_p1.h,31 :: 		return pressed;
0x0206	0x0845      	MOVF       Pulsador_Modo_Presionado_pressed_L0, 0
0x0207	0x00F0      	MOVWF      R0
;pulsador_p1.h,32 :: 		}
L_end_Pulsador_Modo_Presionado:
0x0208	0x0008      	RETURN
; end of _Pulsador_Modo_Presionado
_Pulsador_Start_Presionado:
;pulsador_p1.h,34 :: 		char Pulsador_Start_Presionado() {
;pulsador_p1.h,35 :: 		char pressed = 0;
0x0209	0x0141      	MOVLB      1
0x020A	0x01C5      	CLRF       Pulsador_Start_Presionado_pressed_L0
;pulsador_p1.h,36 :: 		if ((prev_start == 1) && (PULSADOR_START == 0)) {
0x020B	0x0140      	MOVLB      0
0x020C	0x086F      	MOVF       main_prev_start, 0
0x020D	0x3A01      	XORLW      1
0x020E	0x1D03      	BTFSS      STATUS, 2
0x020F	0x2A1F      	GOTO       L_Pulsador_Start_Presionado17
0x0210	0x190E      	BTFSC      PORTC, 2
0x0211	0x2A1F      	GOTO       L_Pulsador_Start_Presionado17
L__Pulsador_Start_Presionado49:
;pulsador_p1.h,37 :: 		Delay_ms(20); // debounce
0x0212	0x3007      	MOVLW      7
0x0213	0x00FC      	MOVWF      R12
0x0214	0x307D      	MOVLW      125
0x0215	0x00FD      	MOVWF      R13
L_Pulsador_Start_Presionado18:
0x0216	0x0BFD      	DECFSZ     R13, 1
0x0217	0x2A16      	GOTO       L_Pulsador_Start_Presionado18
0x0218	0x0BFC      	DECFSZ     R12, 1
0x0219	0x2A16      	GOTO       L_Pulsador_Start_Presionado18
;pulsador_p1.h,38 :: 		if (PULSADOR_START == 0) pressed = 1;
0x021A	0x190E      	BTFSC      PORTC, 2
0x021B	0x2A1F      	GOTO       L_Pulsador_Start_Presionado19
0x021C	0x3001      	MOVLW      1
0x021D	0x0141      	MOVLB      1
0x021E	0x00C5      	MOVWF      Pulsador_Start_Presionado_pressed_L0
L_Pulsador_Start_Presionado19:
;pulsador_p1.h,39 :: 		}
L_Pulsador_Start_Presionado17:
;pulsador_p1.h,40 :: 		prev_start = PULSADOR_START;
0x021F	0x3000      	MOVLW      0
0x0220	0x0140      	MOVLB      0
0x0221	0x190E      	BTFSC      PORTC, 2
0x0222	0x3001      	MOVLW      1
0x0223	0x00EF      	MOVWF      main_prev_start
;pulsador_p1.h,41 :: 		return pressed;
0x0224	0x0141      	MOVLB      1
0x0225	0x0845      	MOVF       Pulsador_Start_Presionado_pressed_L0, 0
0x0226	0x00F0      	MOVWF      R0
;pulsador_p1.h,42 :: 		}
L_end_Pulsador_Start_Presionado:
0x0227	0x0008      	RETURN
; end of _Pulsador_Start_Presionado
_LCD_P1_Init:
;lcd_p1.h,20 :: 		void LCD_P1_Init() {
;lcd_p1.h,21 :: 		Lcd_Init();
0x0228	0x2072      	CALL       _Lcd_Init
;lcd_p1.h,22 :: 		Lcd_Cmd(_LCD_CLEAR);
0x0229	0x3001      	MOVLW      1
0x022A	0x0141      	MOVLB      1
0x022B	0x00CC      	MOVWF      FARG_Lcd_Cmd_out_char
0x022C	0x2014      	CALL       _Lcd_Cmd
;lcd_p1.h,23 :: 		Lcd_Cmd(_LCD_CURSOR_OFF);
0x022D	0x300C      	MOVLW      12
0x022E	0x0141      	MOVLB      1
0x022F	0x00CC      	MOVWF      FARG_Lcd_Cmd_out_char
0x0230	0x2014      	CALL       _Lcd_Cmd
;lcd_p1.h,24 :: 		}
L_end_LCD_P1_Init:
0x0231	0x0008      	RETURN
; end of _LCD_P1_Init
_main:
0x0232	0x2346      	CALL       838
;main.c,32 :: 		void main() {
;main.c,36 :: 		ANSELB = 0x00; // Keypad digital
0x0233	0x017E      	MOVLB      62
0x0234	0x01C3      	CLRF       ANSELB
;main.c,37 :: 		ANSELD = 0x00; // LCD digital
0x0235	0x01D9      	CLRF       ANSELD
;main.c,38 :: 		ANSELC = 0x00; // Pulsadores digitales
0x0236	0x01CE      	CLRF       ANSELC
;main.c,41 :: 		LCD_P1_Init();
0x0237	0x2228      	CALL       _LCD_P1_Init
;main.c,42 :: 		Pulsadores_P1_Init();
0x0238	0x21C5      	CALL       _Pulsadores_P1_Init
;main.c,45 :: 		sistema_on = 0;
0x0239	0x106E      	BCF        _sistema_on, BitPos(_sistema_on+0)
;main.c,46 :: 		conteo_activo = 0;
0x023A	0x116E      	BCF        _conteo_activo, BitPos(_conteo_activo+0)
;main.c,47 :: 		modo_actual = MODO_CRONOMETRO;
0x023B	0x01ED      	CLRF       _modo_actual
;main.c,50 :: 		Lcd_Cmd(_LCD_CLEAR);
0x023C	0x3001      	MOVLW      1
0x023D	0x0141      	MOVLB      1
0x023E	0x00CC      	MOVWF      FARG_Lcd_Cmd_out_char
0x023F	0x2014      	CALL       _Lcd_Cmd
;main.c,51 :: 		Lcd_Out(1,1,"Presione O (ON)");
0x0240	0x3001      	MOVLW      1
0x0241	0x0141      	MOVLB      1
0x0242	0x00C6      	MOVWF      FARG_Lcd_Out_row
0x0243	0x3001      	MOVLW      1
0x0244	0x00C7      	MOVWF      FARG_Lcd_Out_column
0x0245	0x303C      	MOVLW      ?lstr6_main
0x0246	0x00C8      	MOVWF      FARG_Lcd_Out_text
0x0247	0x3000      	MOVLW      hi_addr(?lstr6_main)
0x0248	0x00C9      	MOVWF      FARG_Lcd_Out_text+1
0x0249	0x20BE      	CALL       _Lcd_Out
;main.c,52 :: 		Lcd_Out(2,1,"para iniciar");
0x024A	0x3002      	MOVLW      2
0x024B	0x0141      	MOVLB      1
0x024C	0x00C6      	MOVWF      FARG_Lcd_Out_row
0x024D	0x3001      	MOVLW      1
0x024E	0x00C7      	MOVWF      FARG_Lcd_Out_column
0x024F	0x302F      	MOVLW      ?lstr7_main
0x0250	0x00C8      	MOVWF      FARG_Lcd_Out_text
0x0251	0x3000      	MOVLW      hi_addr(?lstr7_main)
0x0252	0x00C9      	MOVWF      FARG_Lcd_Out_text+1
0x0253	0x20BE      	CALL       _Lcd_Out
;main.c,55 :: 		while(!sistema_on) {
L_main27:
0x0254	0x186E      	BTFSC      _sistema_on, BitPos(_sistema_on+0)
0x0255	0x2A79      	GOTO       L_main28
;main.c,56 :: 		tecla = leer_teclado();
0x0256	0x2151      	CALL       _leer_teclado
;main.c,57 :: 		if (tecla == 'O') {
0x0257	0x0870      	MOVF       R0, 0
0x0258	0x3A4F      	XORLW      79
0x0259	0x1D03      	BTFSS      STATUS, 2
0x025A	0x2A78      	GOTO       L_main29
;main.c,58 :: 		Delay_ms(20);                 // debounce
0x025B	0x3007      	MOVLW      7
0x025C	0x00FC      	MOVWF      R12
0x025D	0x307D      	MOVLW      125
0x025E	0x00FD      	MOVWF      R13
L_main30:
0x025F	0x0BFD      	DECFSZ     R13, 1
0x0260	0x2A5F      	GOTO       L_main30
0x0261	0x0BFC      	DECFSZ     R12, 1
0x0262	0x2A5F      	GOTO       L_main30
;main.c,59 :: 		while (leer_teclado() == 'O'); // esperar liberación
L_main31:
0x0263	0x2151      	CALL       _leer_teclado
0x0264	0x0870      	MOVF       R0, 0
0x0265	0x3A4F      	XORLW      79
0x0266	0x1D03      	BTFSS      STATUS, 2
0x0267	0x2A69      	GOTO       L_main32
0x0268	0x2A63      	GOTO       L_main31
L_main32:
;main.c,60 :: 		sistema_on = 1;
0x0269	0x146E      	BSF        _sistema_on, BitPos(_sistema_on+0)
;main.c,61 :: 		mostrar_modo(modo_actual);
0x026A	0x086D      	MOVF       _modo_actual, 0
0x026B	0x0141      	MOVLB      1
0x026C	0x00C5      	MOVWF      FARG_mostrar_modo_modo
0x026D	0x2105      	CALL       _mostrar_modo
;main.c,62 :: 		Delay_ms(300);
0x026E	0x3062      	MOVLW      98
0x026F	0x00FC      	MOVWF      R12
0x0270	0x3065      	MOVLW      101
0x0271	0x00FD      	MOVWF      R13
L_main33:
0x0272	0x0BFD      	DECFSZ     R13, 1
0x0273	0x2A72      	GOTO       L_main33
0x0274	0x0BFC      	DECFSZ     R12, 1
0x0275	0x2A72      	GOTO       L_main33
0x0276	0x0000      	NOP
0x0277	0x0000      	NOP
;main.c,63 :: 		}
L_main29:
;main.c,64 :: 		}
0x0278	0x2A54      	GOTO       L_main27
L_main28:
;main.c,67 :: 		while(1) {
L_main34:
;main.c,69 :: 		if (Pulsador_Modo_Presionado()) {
0x0279	0x21EA      	CALL       _Pulsador_Modo_Presionado
0x027A	0x0870      	MOVF       R0, 0
0x027B	0x1903      	BTFSC      STATUS, 2
0x027C	0x2A90      	GOTO       L_main36
;main.c,70 :: 		modo_actual++;
0x027D	0x0140      	MOVLB      0
0x027E	0x0AED      	INCF       _modo_actual, 1
;main.c,71 :: 		if (modo_actual > MODO_FRECUENCIMETRO)
0x027F	0x086D      	MOVF       _modo_actual, 0
0x0280	0x3C02      	SUBLW      2
0x0281	0x1803      	BTFSC      STATUS, 0
0x0282	0x2A84      	GOTO       L_main37
;main.c,72 :: 		modo_actual = MODO_CRONOMETRO;
0x0283	0x01ED      	CLRF       _modo_actual
L_main37:
;main.c,73 :: 		mostrar_modo(modo_actual);
0x0284	0x086D      	MOVF       _modo_actual, 0
0x0285	0x0141      	MOVLB      1
0x0286	0x00C5      	MOVWF      FARG_mostrar_modo_modo
0x0287	0x2105      	CALL       _mostrar_modo
;main.c,74 :: 		Delay_ms(120);
0x0288	0x3027      	MOVLW      39
0x0289	0x00FC      	MOVWF      R12
0x028A	0x30F5      	MOVLW      245
0x028B	0x00FD      	MOVWF      R13
L_main38:
0x028C	0x0BFD      	DECFSZ     R13, 1
0x028D	0x2A8C      	GOTO       L_main38
0x028E	0x0BFC      	DECFSZ     R12, 1
0x028F	0x2A8C      	GOTO       L_main38
;main.c,75 :: 		}
L_main36:
;main.c,78 :: 		if (Pulsador_Start_Presionado()) {
0x0290	0x2209      	CALL       _Pulsador_Start_Presionado
0x0291	0x0870      	MOVF       R0, 0
0x0292	0x1903      	BTFSC      STATUS, 2
0x0293	0x2AA3      	GOTO       L_main39
;main.c,79 :: 		conteo_activo = !conteo_activo;
0x0294	0x3004      	MOVLW      4
0x0295	0x0140      	MOVLB      0
0x0296	0x06EE      	XORWF      _conteo_activo, 1
;main.c,80 :: 		mostrar_modo(modo_actual);
0x0297	0x086D      	MOVF       _modo_actual, 0
0x0298	0x0141      	MOVLB      1
0x0299	0x00C5      	MOVWF      FARG_mostrar_modo_modo
0x029A	0x2105      	CALL       _mostrar_modo
;main.c,81 :: 		Delay_ms(120);
0x029B	0x3027      	MOVLW      39
0x029C	0x00FC      	MOVWF      R12
0x029D	0x30F5      	MOVLW      245
0x029E	0x00FD      	MOVWF      R13
L_main40:
0x029F	0x0BFD      	DECFSZ     R13, 1
0x02A0	0x2A9F      	GOTO       L_main40
0x02A1	0x0BFC      	DECFSZ     R12, 1
0x02A2	0x2A9F      	GOTO       L_main40
;main.c,82 :: 		}
L_main39:
0x02A3	0x0140      	MOVLB      0
;main.c,85 :: 		if (conteo_activo) {
0x02A4	0x1D6E      	BTFSS      _conteo_activo, BitPos(_conteo_activo+0)
0x02A5	0x2AB6      	GOTO       L_main41
;main.c,86 :: 		switch (modo_actual) {
0x02A6	0x2AAA      	GOTO       L_main42
;main.c,87 :: 		case MODO_CRONOMETRO:
L_main44:
;main.c,89 :: 		break;
0x02A7	0x2AB6      	GOTO       L_main43
;main.c,90 :: 		case MODO_TEMPORIZADOR:
L_main45:
;main.c,92 :: 		break;
0x02A8	0x2AB6      	GOTO       L_main43
;main.c,93 :: 		case MODO_FRECUENCIMETRO:
L_main46:
;main.c,95 :: 		break;
0x02A9	0x2AB6      	GOTO       L_main43
;main.c,96 :: 		}
L_main42:
0x02AA	0x086D      	MOVF       _modo_actual, 0
0x02AB	0x3A00      	XORLW      0
0x02AC	0x1903      	BTFSC      STATUS, 2
0x02AD	0x2AA7      	GOTO       L_main44
0x02AE	0x086D      	MOVF       _modo_actual, 0
0x02AF	0x3A01      	XORLW      1
0x02B0	0x1903      	BTFSC      STATUS, 2
0x02B1	0x2AA8      	GOTO       L_main45
0x02B2	0x086D      	MOVF       _modo_actual, 0
0x02B3	0x3A02      	XORLW      2
0x02B4	0x1903      	BTFSC      STATUS, 2
0x02B5	0x2AA9      	GOTO       L_main46
L_main43:
;main.c,97 :: 		}
L_main41:
;main.c,99 :: 		Delay_ms(10); // evitar uso excesivo de CPU
0x02B6	0x3004      	MOVLW      4
0x02B7	0x00FC      	MOVWF      R12
0x02B8	0x303D      	MOVLW      61
0x02B9	0x00FD      	MOVWF      R13
L_main47:
0x02BA	0x0BFD      	DECFSZ     R13, 1
0x02BB	0x2ABA      	GOTO       L_main47
0x02BC	0x0BFC      	DECFSZ     R12, 1
0x02BD	0x2ABA      	GOTO       L_main47
0x02BE	0x0000      	NOP
0x02BF	0x0000      	NOP
;main.c,100 :: 		}
0x02C0	0x2A79      	GOTO       L_main34
;main.c,101 :: 		}
L_end_main:
0x02C1	0x2AC1      	GOTO       $+0
; end of _main
0x0346	0x30C5      	MOVLW      197
0x0347	0x0084      	MOVWF      FSR0
0x0348	0x3082      	MOVLW      130
0x0349	0x0085      	MOVWF      FSR0H
0x034A	0x304D      	MOVLW      77
0x034B	0x00F0      	MOVWF      R0
0x034C	0x3001      	MOVLW      1
0x034D	0x00F1      	MOVWF      R1
0x034E	0x3020      	MOVLW      32
0x034F	0x0086      	MOVWF      FSR1
0x0350	0x3000      	MOVLW      0
0x0351	0x0087      	MOVWF      FSR1H
0x0352	0x21E1      	CALL       481
0x0353	0x3012      	MOVLW      18
0x0354	0x0084      	MOVWF      FSR0
0x0355	0x3083      	MOVLW      131
0x0356	0x0085      	MOVWF      FSR0H
0x0357	0x3024      	MOVLW      36
0x0358	0x00F0      	MOVWF      R0
0x0359	0x3001      	MOVLW      1
0x035A	0x00F1      	MOVWF      R1
0x035B	0x30A0      	MOVLW      160
0x035C	0x0086      	MOVWF      FSR1
0x035D	0x3000      	MOVLW      0
0x035E	0x0087      	MOVWF      FSR1H
0x035F	0x21E1      	CALL       481
0x0360	0x0008      	RETURN
;main.c,0 :: ?ICS?lstr5_main
0x02C5	0x3452 ;?ICS?lstr5_main+0
0x02C6	0x3443 ;?ICS?lstr5_main+1
0x02C7	0x3432 ;?ICS?lstr5_main+2
0x02C8	0x343A ;?ICS?lstr5_main+3
0x02C9	0x3453 ;?ICS?lstr5_main+4
0x02CA	0x3474 ;?ICS?lstr5_main+5
0x02CB	0x3461 ;?ICS?lstr5_main+6
0x02CC	0x3472 ;?ICS?lstr5_main+7
0x02CD	0x3474 ;?ICS?lstr5_main+8
0x02CE	0x342F ;?ICS?lstr5_main+9
0x02CF	0x3453 ;?ICS?lstr5_main+10
0x02D0	0x3474 ;?ICS?lstr5_main+11
0x02D1	0x346F ;?ICS?lstr5_main+12
0x02D2	0x3470 ;?ICS?lstr5_main+13
0x02D3	0x3400 ;?ICS?lstr5_main+14
; end of ?ICS?lstr5_main
;main.c,0 :: ?ICS?lstr7_main
0x02D4	0x3470 ;?ICS?lstr7_main+0
0x02D5	0x3461 ;?ICS?lstr7_main+1
0x02D6	0x3472 ;?ICS?lstr7_main+2
0x02D7	0x3461 ;?ICS?lstr7_main+3
0x02D8	0x3420 ;?ICS?lstr7_main+4
0x02D9	0x3469 ;?ICS?lstr7_main+5
0x02DA	0x346E ;?ICS?lstr7_main+6
0x02DB	0x3469 ;?ICS?lstr7_main+7
0x02DC	0x3463 ;?ICS?lstr7_main+8
0x02DD	0x3469 ;?ICS?lstr7_main+9
0x02DE	0x3461 ;?ICS?lstr7_main+10
0x02DF	0x3472 ;?ICS?lstr7_main+11
0x02E0	0x3400 ;?ICS?lstr7_main+12
; end of ?ICS?lstr7_main
;main.c,0 :: ?ICS?lstr6_main
0x02E1	0x3450 ;?ICS?lstr6_main+0
0x02E2	0x3472 ;?ICS?lstr6_main+1
0x02E3	0x3465 ;?ICS?lstr6_main+2
0x02E4	0x3473 ;?ICS?lstr6_main+3
0x02E5	0x3469 ;?ICS?lstr6_main+4
0x02E6	0x346F ;?ICS?lstr6_main+5
0x02E7	0x346E ;?ICS?lstr6_main+6
0x02E8	0x3465 ;?ICS?lstr6_main+7
0x02E9	0x3420 ;?ICS?lstr6_main+8
0x02EA	0x344F ;?ICS?lstr6_main+9
0x02EB	0x3420 ;?ICS?lstr6_main+10
0x02EC	0x3428 ;?ICS?lstr6_main+11
0x02ED	0x344F ;?ICS?lstr6_main+12
0x02EE	0x344E ;?ICS?lstr6_main+13
0x02EF	0x3429 ;?ICS?lstr6_main+14
0x02F0	0x3400 ;?ICS?lstr6_main+15
; end of ?ICS?lstr6_main
;main.c,0 :: ?ICS?lstr4_main
0x02F1	0x3445 ;?ICS?lstr4_main+0
0x02F2	0x346E ;?ICS?lstr4_main+1
0x02F3	0x3420 ;?ICS?lstr4_main+2
0x02F4	0x3465 ;?ICS?lstr4_main+3
0x02F5	0x346A ;?ICS?lstr4_main+4
0x02F6	0x3465 ;?ICS?lstr4_main+5
0x02F7	0x3463 ;?ICS?lstr4_main+6
0x02F8	0x3475 ;?ICS?lstr4_main+7
0x02F9	0x3463 ;?ICS?lstr4_main+8
0x02FA	0x3469 ;?ICS?lstr4_main+9
0x02FB	0x346F ;?ICS?lstr4_main+10
0x02FC	0x346E ;?ICS?lstr4_main+11
0x02FD	0x342E ;?ICS?lstr4_main+12
0x02FE	0x342E ;?ICS?lstr4_main+13
0x02FF	0x342E ;?ICS?lstr4_main+14
0x0300	0x3400 ;?ICS?lstr4_main+15
; end of ?ICS?lstr4_main
;main.c,0 :: ?ICS?lstr1_main
0x0301	0x344D ;?ICS?lstr1_main+0
0x0302	0x346F ;?ICS?lstr1_main+1
0x0303	0x3464 ;?ICS?lstr1_main+2
0x0304	0x346F ;?ICS?lstr1_main+3
0x0305	0x343A ;?ICS?lstr1_main+4
0x0306	0x3420 ;?ICS?lstr1_main+5
0x0307	0x3443 ;?ICS?lstr1_main+6
0x0308	0x3472 ;?ICS?lstr1_main+7
0x0309	0x346F ;?ICS?lstr1_main+8
0x030A	0x346E ;?ICS?lstr1_main+9
0x030B	0x346F ;?ICS?lstr1_main+10
0x030C	0x346D ;?ICS?lstr1_main+11
0x030D	0x3465 ;?ICS?lstr1_main+12
0x030E	0x3474 ;?ICS?lstr1_main+13
0x030F	0x3472 ;?ICS?lstr1_main+14
0x0310	0x346F ;?ICS?lstr1_main+15
0x0311	0x3400 ;?ICS?lstr1_main+16
; end of ?ICS?lstr1_main
;main.c,0 :: ?ICS?lstr3_main
0x0312	0x344D ;?ICS?lstr3_main+0
0x0313	0x346F ;?ICS?lstr3_main+1
0x0314	0x3464 ;?ICS?lstr3_main+2
0x0315	0x346F ;?ICS?lstr3_main+3
0x0316	0x343A ;?ICS?lstr3_main+4
0x0317	0x3420 ;?ICS?lstr3_main+5
0x0318	0x3446 ;?ICS?lstr3_main+6
0x0319	0x3472 ;?ICS?lstr3_main+7
0x031A	0x3465 ;?ICS?lstr3_main+8
0x031B	0x3463 ;?ICS?lstr3_main+9
0x031C	0x342E ;?ICS?lstr3_main+10
0x031D	0x344D ;?ICS?lstr3_main+11
0x031E	0x3465 ;?ICS?lstr3_main+12
0x031F	0x3474 ;?ICS?lstr3_main+13
0x0320	0x3472 ;?ICS?lstr3_main+14
0x0321	0x346F ;?ICS?lstr3_main+15
0x0322	0x3400 ;?ICS?lstr3_main+16
; end of ?ICS?lstr3_main
;main.c,0 :: ?ICS?lstr2_main
0x0323	0x344D ;?ICS?lstr2_main+0
0x0324	0x346F ;?ICS?lstr2_main+1
0x0325	0x3464 ;?ICS?lstr2_main+2
0x0326	0x346F ;?ICS?lstr2_main+3
0x0327	0x343A ;?ICS?lstr2_main+4
0x0328	0x3420 ;?ICS?lstr2_main+5
0x0329	0x3454 ;?ICS?lstr2_main+6
0x032A	0x3465 ;?ICS?lstr2_main+7
0x032B	0x346D ;?ICS?lstr2_main+8
0x032C	0x3470 ;?ICS?lstr2_main+9
0x032D	0x346F ;?ICS?lstr2_main+10
0x032E	0x3472 ;?ICS?lstr2_main+11
0x032F	0x3469 ;?ICS?lstr2_main+12
0x0330	0x347A ;?ICS?lstr2_main+13
0x0331	0x3461 ;?ICS?lstr2_main+14
0x0332	0x3464 ;?ICS?lstr2_main+15
0x0333	0x346F ;?ICS?lstr2_main+16
0x0334	0x3472 ;?ICS?lstr2_main+17
0x0335	0x3400 ;?ICS?lstr2_main+18
; end of ?ICS?lstr2_main
;main.c,5 :: _tecla_map
0x0336	0x3437 ;_tecla_map+0
0x0337	0x3438 ;_tecla_map+1
0x0338	0x3439 ;_tecla_map+2
0x0339	0x3441 ;_tecla_map+3
0x033A	0x3434 ;_tecla_map+4
0x033B	0x3435 ;_tecla_map+5
0x033C	0x3436 ;_tecla_map+6
0x033D	0x3442 ;_tecla_map+7
0x033E	0x3431 ;_tecla_map+8
0x033F	0x3432 ;_tecla_map+9
0x0340	0x3433 ;_tecla_map+10
0x0341	0x3443 ;_tecla_map+11
0x0342	0x344F ;_tecla_map+12
0x0343	0x3430 ;_tecla_map+13
0x0344	0x3445 ;_tecla_map+14
0x0345	0x3444 ;_tecla_map+15
; end of _tecla_map
Symbol List:
//** Routines locations **
//ADDRESS    SIZE    PROCEDURE
//----------------------------------------------
0x0003       [7]    _Delay_50us
0x000A       [1]    _Delay_1us
0x000B       [9]    _Delay_5500us
0x0014      [86]    _Lcd_Cmd
0x006A       [8]    _Lcd_Chr_CP
0x0072      [76]    _Lcd_Init
0x00BE      [71]    _Lcd_Out
0x0105      [76]    _mostrar_modo
0x0151     [116]    _leer_teclado
0x01C5      [28]    _Pulsadores_P1_Init
0x01E1       [9]    ___CC2DW
0x01EA      [31]    _Pulsador_Modo_Presionado
0x0209      [31]    _Pulsador_Start_Presionado
0x0228      [10]    _LCD_P1_Init
0x0232     [143]    _main
//** Variables locations ** 
//ADDRESS    SIZE    VARIABLE
//----------------------------------------------
0x0000       [1]    INDF0
0x0001       [1]    INDF1
0x0003       [1]    STATUS
0x0004       [1]    FSR0L
0x0005       [1]    FSR0H
0x0006       [1]    FSR1L
0x0007       [1]    FSR1H
0x000A       [1]    PCLATH
0x000D       [1]    PORTB
0x000E       [1]    PORTC
0x000F       [0]    RD1_bit
0x000F       [0]    RD4_bit
0x000F       [0]    RD0_bit
0x000F       [0]    RD3_bit
0x000F       [0]    RD2_bit
0x000F       [0]    LCD_RS
0x000F       [0]    LCD_D5
0x000F       [0]    LCD_D4
0x000F       [0]    LCD_EN
0x000F       [0]    RD5_bit
0x000F       [0]    LCD_D7
0x000F       [0]    LCD_D6
0x0012       [1]    TRISB
0x0013       [1]    TRISC
0x0014       [0]    TRISD0_bit
0x0014       [0]    LCD_RS_Direction
0x0014       [0]    TRISD2_bit
0x0014       [0]    TRISD4_bit
0x0014       [0]    LCD_D5_Direction
0x0014       [0]    TRISD5_bit
0x0014       [0]    LCD_D6_Direction
0x0014       [0]    LCD_D7_Direction
0x0014       [0]    LCD_EN_Direction
0x0014       [0]    TRISD1_bit
0x0014       [0]    TRISD3_bit
0x0014       [0]    LCD_D4_Direction
0x0017       [1]    LATB
0x0020      [15]    ?lstr5_main
0x002F      [13]    ?lstr7_main
0x003C      [16]    ?lstr6_main
0x004C      [16]    ?lstr4_main
0x005C      [17]    ?lstr1_main
0x006D       [1]    _modo_actual
0x006E       [0]    _sistema_on
0x006E       [0]    _conteo_activo
0x006E       [0]    __Lib_Lcd_cmd_status
0x006F       [1]    main_prev_start
0x0070       [1]    R0
0x0071       [1]    R1
0x0072       [1]    R2
0x0073       [1]    R3
0x0074       [1]    R4
0x0075       [1]    R5
0x0076       [1]    R6
0x0077       [1]    R7
0x0078       [1]    R8
0x0079       [1]    R9
0x007A       [1]    R10
0x007B       [1]    R11
0x007C       [1]    R12
0x007D       [1]    R13
0x007E       [1]    R14
0x007F       [1]    R15
0x00A0      [17]    ?lstr3_main
0x00B1      [19]    ?lstr2_main
0x00C4       [1]    main_prev_modo
0x00C5       [1]    Pulsador_Modo_Presionado_pressed_L0
0x00C5       [1]    FARG_mostrar_modo_modo
0x00C5       [1]    Pulsador_Start_Presionado_pressed_L0
0x00C6       [1]    FARG_Lcd_Out_row
0x00C7       [1]    FARG_Lcd_Out_column
0x00C8       [2]    FARG_Lcd_Out_text
0x00CA       [1]    Lcd_Out_i_L0
0x00CB       [1]    FARG_Lcd_Chr_CP_out_char
0x00CC       [1]    FARG_Lcd_Cmd_out_char
0x1F43       [1]    ANSELB
0x1F4E       [1]    ANSELC
0x1F4F       [1]    WPUC
0x1F59       [1]    ANSELD
//** Constants locations ** 
//ADDRESS    SIZE    CONSTANT
//----------------------------------------------
0x02C5      [15]    ?ICS?lstr5_main
0x02D4      [13]    ?ICS?lstr7_main
0x02E1      [16]    ?ICS?lstr6_main
0x02F1      [16]    ?ICS?lstr4_main
0x0301      [17]    ?ICS?lstr1_main
0x0312      [17]    ?ICS?lstr3_main
0x0323      [19]    ?ICS?lstr2_main
0x0336      [16]    _tecla_map
